<?xml version="1.0" encoding="UTF-8"?>
<testsuite name="IntroLabTest" tests="1" skipped="0" failures="0" errors="0" timestamp="2022-09-12T17:58:02" hostname="Helens-MacBook-Air.local" time="0.058">
  <properties/>
  <testcase name="testMyTest" classname="IntroLabTest" time="0.058"/>
  <system-out><![CDATA[]]></system-out>
  <system-err><![CDATA[]]></system-err>
</testsuite>
